Drill report for okeeb.kicad_pcb
Created on 6/17/2022 12:07:36 AM

Copper Layer Stackup:
    =============================================================
    L1 :  F.Cu                      front
    L2 :  B.Cu                      back


Drill file 'okeeb-PTH.drl' contains
    plated through holes:
    =============================================================
    T1  0.400mm  0.0157"  (250 holes)
    T2  1.000mm  0.0394"  (6 holes)
    T3  1.200mm  0.0472"  (2 holes)
    T4  1.400mm  0.0551"  (2 holes)

    Total plated holes count 260


Drill file 'okeeb-NPTH.drl' contains
    unplated through holes:
    =============================================================
    T1  0.800mm  0.0315"  (2 holes)
    T2  1.702mm  0.0670"  (126 holes)
    T3  3.000mm  0.1181"  (126 holes)
    T4  3.048mm  0.1200"  (10 holes)
    T5  3.200mm  0.1260"  (4 holes)
    T6  3.988mm  0.1570"  (73 holes)

    Total unplated holes count 341
